[2023-02-07T16:25:12.263] [WARN] warn - 
[2023-02-07T16:25:13.202] [WARN] warn - 
[2023-02-07T16:27:06.032] [WARN] warn - ruta / metodo GET no implementada
[2023-02-09T12:00:18.586] [WARN] warn - ruta /socket.io/socket.io.js metodo GET no implementada
[2023-02-09T12:00:19.417] [WARN] warn - ruta /favicon.ico metodo GET no implementada
[2023-02-09T12:01:51.103] [WARN] warn - ruta /socket.io/socket.io.js metodo GET no implementada
[2023-02-09T12:11:00.288] [WARN] warn - ruta /socket.io/socket.io.js metodo GET no implementada
[2023-02-09T12:12:18.973] [WARN] warn - ruta /socket.io/socket.io.js metodo GET no implementada
[2023-02-09T12:12:22.709] [WARN] warn - ruta /socket.io/socket.io.js metodo GET no implementada
[2023-02-09T16:53:10.596] [WARN] warn - ruta /socket.io/socket.io.js metodo GET no implementada
[2023-02-09T16:53:21.915] [WARN] warn - ruta /socket.io/socket.io.js metodo GET no implementada
[2023-02-09T16:53:34.534] [WARN] warn - ruta /socket.io/socket.io.js metodo GET no implementada
[2023-02-09T16:53:36.130] [WARN] warn - ruta /socket.io/ metodo GET no implementada
[2023-02-09T16:53:38.224] [WARN] warn - ruta /socket.io/ metodo GET no implementada
[2023-02-09T16:53:41.775] [WARN] warn - ruta /socket.io/ metodo GET no implementada
[2023-02-09T16:53:46.910] [WARN] warn - ruta /socket.io/ metodo GET no implementada
[2023-02-09T16:53:52.901] [WARN] warn - ruta /socket.io/ metodo GET no implementada
[2023-02-09T16:53:58.901] [WARN] warn - ruta /socket.io/ metodo GET no implementada
[2023-02-09T16:54:44.417] [WARN] warn - ruta /socket.io/ metodo GET no implementada
[2023-02-09T16:54:49.660] [WARN] warn - ruta /socket.io/socket.io.js metodo GET no implementada
[2023-02-09T16:54:51.073] [WARN] warn - ruta /socket.io/ metodo GET no implementada
[2023-02-09T16:54:52.969] [WARN] warn - ruta /socket.io/ metodo GET no implementada
[2023-02-09T16:54:56.103] [WARN] warn - ruta /socket.io/ metodo GET no implementada
[2023-02-09T16:54:56.688] [WARN] warn - ruta /socket.io/socket.io.js metodo GET no implementada
[2023-02-09T16:54:57.087] [WARN] warn - ruta /socket.io/ metodo GET no implementada
[2023-02-09T16:54:59.153] [WARN] warn - ruta /socket.io/ metodo GET no implementada
[2023-02-09T16:55:02.353] [WARN] warn - ruta /socket.io/ metodo GET no implementada
[2023-02-09T16:55:07.785] [WARN] warn - ruta /socket.io/socket.io.js metodo GET no implementada
[2023-02-09T16:55:08.173] [WARN] warn - ruta /socket.io/ metodo GET no implementada
[2023-02-09T16:55:09.832] [WARN] warn - ruta /socket.io/ metodo GET no implementada
[2023-02-09T16:55:12.003] [WARN] warn - ruta /socket.io/ metodo GET no implementada
[2023-02-09T16:55:15.872] [WARN] warn - ruta /socket.io/ metodo GET no implementada
[2023-02-09T16:55:21.891] [WARN] warn - ruta /socket.io/ metodo GET no implementada
[2023-02-09T16:56:19.279] [WARN] warn - ruta /socket.io/socket.io.js metodo GET no implementada
[2023-02-09T16:56:21.416] [WARN] warn - ruta /socket.io/socket.io.js metodo GET no implementada
[2023-02-09T16:56:21.839] [WARN] warn - ruta /socket.io/ metodo GET no implementada
[2023-02-09T16:56:22.916] [WARN] warn - ruta /socket.io/socket.io.js metodo GET no implementada
[2023-02-09T16:56:23.309] [WARN] warn - ruta /socket.io/ metodo GET no implementada
[2023-02-09T16:56:25.210] [WARN] warn - ruta /socket.io/ metodo GET no implementada
[2023-02-09T16:56:26.124] [WARN] warn - ruta /socket.io/socket.io.js metodo GET no implementada
[2023-02-09T16:56:26.344] [WARN] warn - ruta /socket.io/ metodo GET no implementada
[2023-02-09T16:56:27.342] [WARN] warn - ruta /socket.io/ metodo GET no implementada
[2023-02-09T16:56:29.829] [WARN] warn - ruta /socket.io/socket.io.js metodo GET no implementada
[2023-02-09T16:56:36.981] [WARN] warn - ruta /socket.io/socket.io.js metodo GET no implementada
[2023-02-09T16:56:37.378] [WARN] warn - ruta /socket.io/ metodo GET no implementada
[2023-02-09T16:56:38.547] [WARN] warn - ruta /socket.io/ metodo GET no implementada
[2023-02-09T16:56:41.538] [WARN] warn - ruta /socket.io/ metodo GET no implementada
[2023-02-09T16:56:45.229] [WARN] warn - ruta /socket.io/ metodo GET no implementada
[2023-02-09T16:56:51.294] [WARN] warn - ruta /socket.io/ metodo GET no implementada
[2023-02-09T16:56:57.903] [WARN] warn - ruta /socket.io/ metodo GET no implementada
[2023-02-09T16:57:03.905] [WARN] warn - ruta /socket.io/ metodo GET no implementada
[2023-02-09T16:57:10.435] [WARN] warn - ruta /socket.io/ metodo GET no implementada
[2023-02-09T16:57:16.912] [WARN] warn - ruta /socket.io/ metodo GET no implementada
[2023-02-09T16:57:24.005] [WARN] warn - ruta /socket.io/ metodo GET no implementada
[2023-02-09T16:57:30.906] [WARN] warn - ruta /socket.io/ metodo GET no implementada
[2023-02-09T16:57:36.959] [WARN] warn - ruta /socket.io/ metodo GET no implementada
[2023-02-09T16:57:42.923] [WARN] warn - ruta /socket.io/ metodo GET no implementada
[2023-02-09T16:57:48.906] [WARN] warn - ruta /socket.io/ metodo GET no implementada
[2023-02-09T16:57:54.913] [WARN] warn - ruta /socket.io/ metodo GET no implementada
[2023-02-09T16:58:00.923] [WARN] warn - ruta /socket.io/ metodo GET no implementada
[2023-02-09T17:14:50.592] [WARN] warn - ruta / metodo GET no implementada
[2023-02-09T17:17:42.706] [WARN] warn - ruta / metodo GET no implementada
[2023-02-09T17:17:48.763] [WARN] warn - ruta /aaaa metodo GET no implementada
[2023-02-09T17:18:39.231] [WARN] warn - ruta / metodo GET no implementada
[2023-02-09T17:21:18.489] [WARN] warn - ruta /aaaa metodo GET no implementada
[2023-02-09T17:59:59.555] [WARN] warn - ruta /aaaa metodo GET no implementada
[2023-02-09T18:00:05.764] [WARN] warn - ruta /aaaa metodo GET no implementada
[2023-02-09T18:00:06.766] [WARN] warn - ruta /alt=%22imagen metodo GET no implementada
